<?xml version="1.0" encoding="UTF-8"?>
<!-- Generated by org.testng.reporters.JUnitReportReporter -->
<testsuite skipped="0" hostname="LAPTOP-533FUL4V" name="com.icesi.edu.co.jcss.test.TestServiceStory" tests="4" failures="0" timestamp="2020-03-30T22:55:31 COT" time="0.510" errors="0">
  <testcase name="createStoryA" time="0.076" classname="com.icesi.edu.co.jcss.test.TestServiceStory"/>
  <testcase name="createStoryC" time="0.003" classname="com.icesi.edu.co.jcss.test.TestServiceStory"/>
  <testcase name="createStoryD" time="0.428" classname="com.icesi.edu.co.jcss.test.TestServiceStory"/>
  <testcase name="createStoryB" time="0.003" classname="com.icesi.edu.co.jcss.test.TestServiceStory"/>
</testsuite> <!-- com.icesi.edu.co.jcss.test.TestServiceStory -->
