<?xml version="1.0" encoding="UTF-8"?>
<!-- Generated by org.testng.reporters.JUnitReportReporter -->
<testsuite skipped="0" hostname="LAPTOP-533FUL4V" name="com.icesi.edu.co.jcss.test.TestServiceTopic" tests="4" failures="0" timestamp="2020-03-30T21:10:42 COT" time="0.407" errors="0">
  <testcase name="createTopicD" time="0.000" classname="com.icesi.edu.co.jcss.test.TestServiceTopic"/>
  <testcase name="createTopicB" time="0.391" classname="com.icesi.edu.co.jcss.test.TestServiceTopic"/>
  <testcase name="createTopicC" time="0.000" classname="com.icesi.edu.co.jcss.test.TestServiceTopic"/>
  <testcase name="createTopicA" time="0.016" classname="com.icesi.edu.co.jcss.test.TestServiceTopic"/>
</testsuite> <!-- com.icesi.edu.co.jcss.test.TestServiceTopic -->
